[21:16:52] [Client thread/INFO]: Setting user: Player889
[21:16:57] [Client thread/WARN]: Skipping bad option: lastServer:
[21:16:57] [Client thread/INFO]: LWJGL Version: 2.9.2
[21:17:02] [Client thread/INFO]: Reloading ResourceManager: Default, FMLFileResourcePack:Forge Mod Loader, FMLFileResourcePack:Minecraft Forge, FMLFileResourcePack:Minecraft By Example
[21:17:05] [Sound Library Loader/INFO]: Starting up SoundSystem...
[21:17:05] [Thread-6/INFO]: Initializing LWJGL OpenAL
[21:17:05] [Thread-6/INFO]: (The LWJGL binding of OpenAL.  For more information, see http://www.lwjgl.org)
[21:17:05] [Thread-6/INFO]: OpenAL initialized.
[21:17:06] [Sound Library Loader/INFO]: Sound engine started
[21:17:08] [Client thread/INFO]: Created: 16x16 textures-atlas
[21:17:10] [Client thread/INFO]: Reloading ResourceManager: Default, FMLFileResourcePack:Forge Mod Loader, FMLFileResourcePack:Minecraft Forge, FMLFileResourcePack:Minecraft By Example
[21:17:11] [Client thread/INFO]: SoundSystem shutting down...
[21:17:12] [Client thread/WARN]: Author: Paul Lamb, www.paulscode.com
[21:17:12] [Sound Library Loader/INFO]: Starting up SoundSystem...
[21:17:12] [Thread-8/INFO]: Initializing LWJGL OpenAL
[21:17:12] [Thread-8/INFO]: (The LWJGL binding of OpenAL.  For more information, see http://www.lwjgl.org)
[21:17:12] [Thread-8/INFO]: OpenAL initialized.
[21:17:12] [Sound Library Loader/INFO]: Sound engine started
[21:17:14] [Client thread/INFO]: Created: 1024x512 textures-atlas
[21:17:15] [Client thread/WARN]: Skipping bad option: lastServer:
[21:17:16] [Realms Notification Availability checker #1/INFO]: Could not authorize you against Realms server: Invalid session id
[21:17:37] [Server thread/INFO]: Starting integrated minecraft server version 1.10.2
[21:17:37] [Server thread/INFO]: Generating keypair
[21:17:37] [Server thread/INFO]: Preparing start region for level 0
[21:17:38] [Server thread/INFO]: Preparing spawn area: 1%
[21:17:39] [Server thread/INFO]: Preparing spawn area: 86%
[21:17:40] [Server thread/INFO]: Changing view distance to 12, from 10
[21:17:41] [Server thread/INFO]: Player889[local:E:4b5d84f4] logged in with entity id 255 at (-82.22936666485197, 64.0, 239.54800580381965)
[21:17:41] [Server thread/INFO]: Player889 joined the game
[21:17:42] [Server thread/INFO]: Saving and pausing game...
[21:17:42] [Server thread/INFO]: Saving chunks for level 'New World'/Overworld
[21:17:43] [Server thread/INFO]: Saving chunks for level 'New World'/Nether
[21:17:43] [Server thread/INFO]: Saving chunks for level 'New World'/The End
[21:17:43] [pool-2-thread-1/WARN]: Couldn't look up profile properties for com.mojang.authlib.GameProfile@606a0f9f[id=a205b8da-efc6-37ad-8e1d-84c0239cdd21,name=Player889,properties={},legacy=false]
com.mojang.authlib.exceptions.AuthenticationException: The client has sent too many requests within a certain amount of time
	at com.mojang.authlib.yggdrasil.YggdrasilAuthenticationService.makeRequest(YggdrasilAuthenticationService.java:65) ~[YggdrasilAuthenticationService.class:?]
	at com.mojang.authlib.yggdrasil.YggdrasilMinecraftSessionService.fillGameProfile(YggdrasilMinecraftSessionService.java:175) [YggdrasilMinecraftSessionService.class:?]
	at com.mojang.authlib.yggdrasil.YggdrasilMinecraftSessionService$1.load(YggdrasilMinecraftSessionService.java:59) [YggdrasilMinecraftSessionService$1.class:?]
	at com.mojang.authlib.yggdrasil.YggdrasilMinecraftSessionService$1.load(YggdrasilMinecraftSessionService.java:56) [YggdrasilMinecraftSessionService$1.class:?]
	at com.google.common.cache.LocalCache$LoadingValueReference.loadFuture(LocalCache.java:3524) [guava-17.0.jar:?]
	at com.google.common.cache.LocalCache$Segment.loadSync(LocalCache.java:2317) [guava-17.0.jar:?]
	at com.google.common.cache.LocalCache$Segment.lockedGetOrLoad(LocalCache.java:2280) [guava-17.0.jar:?]
	at com.google.common.cache.LocalCache$Segment.get(LocalCache.java:2195) [guava-17.0.jar:?]
	at com.google.common.cache.LocalCache.get(LocalCache.java:3934) [guava-17.0.jar:?]
	at com.google.common.cache.LocalCache.getOrLoad(LocalCache.java:3938) [guava-17.0.jar:?]
	at com.google.common.cache.LocalCache$LocalLoadingCache.get(LocalCache.java:4821) [guava-17.0.jar:?]
	at com.google.common.cache.LocalCache$LocalLoadingCache.getUnchecked(LocalCache.java:4827) [guava-17.0.jar:?]
	at com.mojang.authlib.yggdrasil.YggdrasilMinecraftSessionService.fillProfileProperties(YggdrasilMinecraftSessionService.java:165) [YggdrasilMinecraftSessionService.class:?]
	at net.minecraft.client.Minecraft.getProfileProperties(Minecraft.java:3060) [Minecraft.class:?]
	at net.minecraft.client.resources.SkinManager$3.run(SkinManager.java:131) [SkinManager$3.class:?]
	at java.util.concurrent.Executors$RunnableAdapter.call(Executors.java:511) [?:1.8.0_121]
	at java.util.concurrent.FutureTask.run(FutureTask.java:266) [?:1.8.0_121]
	at java.util.concurrent.ThreadPoolExecutor.runWorker(ThreadPoolExecutor.java:1142) [?:1.8.0_121]
	at java.util.concurrent.ThreadPoolExecutor$Worker.run(ThreadPoolExecutor.java:617) [?:1.8.0_121]
	at java.lang.Thread.run(Thread.java:745) [?:1.8.0_121]
[21:17:52] [Server thread/INFO]: [Player889: Set the time to 0]
[21:17:52] [Client thread/INFO]: [CHAT] Set the time to 0
[21:17:56] [Server thread/INFO]: Saving and pausing game...
[21:17:56] [Server thread/INFO]: Saving chunks for level 'New World'/Overworld
[21:17:56] [Server thread/INFO]: Saving chunks for level 'New World'/Nether
[21:17:56] [Server thread/INFO]: Saving chunks for level 'New World'/The End
[21:18:15] [Client thread/INFO]: [CHAT] Saved screenshot as 2017-06-27_21.18.15.png
[21:18:19] [Server thread/INFO]: Saving and pausing game...
[21:18:19] [Server thread/INFO]: Saving chunks for level 'New World'/Overworld
[21:18:19] [Server thread/INFO]: Saving chunks for level 'New World'/Nether
[21:18:19] [Server thread/INFO]: Saving chunks for level 'New World'/The End
[21:21:49] [Server thread/INFO]: Saving and pausing game...
[21:21:49] [Server thread/INFO]: Saving chunks for level 'New World'/Overworld
[21:21:49] [Server thread/INFO]: Saving chunks for level 'New World'/Nether
[21:21:49] [Server thread/INFO]: Saving chunks for level 'New World'/The End
[21:21:51] [Server thread/INFO]: Stopping server
[21:21:51] [Server thread/INFO]: Saving players
[21:21:51] [Server thread/INFO]: Saving worlds
[21:21:51] [Server thread/INFO]: Saving chunks for level 'New World'/Overworld
[21:21:51] [Server thread/INFO]: Saving chunks for level 'New World'/Nether
[21:21:51] [Server thread/INFO]: Saving chunks for level 'New World'/The End
[21:21:53] [Client thread/INFO]: Stopping!
[21:21:53] [Client thread/INFO]: SoundSystem shutting down...
[21:21:53] [Client thread/WARN]: Author: Paul Lamb, www.paulscode.com
